!SESSION 2019-03-05 16:04:03.147 -----------------------------------------------
eclipse.buildId=unknown
java.version=1.8.0_112
java.vendor=Oracle Corporation
BootLoader constants: OS=linux, ARCH=x86_64, WS=gtk, NL=en_US
Framework arguments:  -product com.nvidia.pgprof.application.product
Command-line arguments:  -os linux -ws gtk -arch x86_64 -data @noDefault -product com.nvidia.pgprof.application.product

!ENTRY org.eclipse.osgi 4 0 2019-03-05 16:04:06.579
!MESSAGE Application error
!STACK 1
org.eclipse.swt.SWTError: No more handles [gtk_init_check() failed]
	at org.eclipse.swt.SWT.error(SWT.java:4467)
	at org.eclipse.swt.widgets.Display.createDisplay(Display.java:934)
	at org.eclipse.swt.widgets.Display.create(Display.java:918)
	at org.eclipse.swt.graphics.Device.<init>(Device.java:157)
	at org.eclipse.swt.widgets.Display.<init>(Display.java:514)
	at org.eclipse.swt.widgets.Display.<init>(Display.java:505)
	at org.eclipse.ui.internal.Workbench.createDisplay(Workbench.java:732)
	at org.eclipse.ui.PlatformUI.createDisplay(PlatformUI.java:162)
	at com.nvidia.viper.application.Application.start(Application.java:59)
	at org.eclipse.equinox.internal.app.EclipseAppHandle.run(EclipseAppHandle.java:196)
	at org.eclipse.core.runtime.internal.adaptor.EclipseAppLauncher.runApplication(EclipseAppLauncher.java:134)
	at org.eclipse.core.runtime.internal.adaptor.EclipseAppLauncher.start(EclipseAppLauncher.java:104)
	at org.eclipse.core.runtime.adaptor.EclipseStarter.run(EclipseStarter.java:380)
	at org.eclipse.core.runtime.adaptor.EclipseStarter.run(EclipseStarter.java:235)
	at sun.reflect.NativeMethodAccessorImpl.invoke0(Native Method)
	at sun.reflect.NativeMethodAccessorImpl.invoke(NativeMethodAccessorImpl.java:62)
	at sun.reflect.DelegatingMethodAccessorImpl.invoke(DelegatingMethodAccessorImpl.java:43)
	at java.lang.reflect.Method.invoke(Method.java:498)
	at org.eclipse.equinox.launcher.Main.invokeFramework(Main.java:648)
	at org.eclipse.equinox.launcher.Main.basicRun(Main.java:603)
	at org.eclipse.equinox.launcher.Main.run(Main.java:1465)
	at org.eclipse.equinox.launcher.Main.main(Main.java:1438)
